{
  "stats": {
    "suites": 4,
    "tests": 12,
    "passes": 12,
    "pending": 0,
    "failures": 0,
    "testsRegistered": 12,
    "passPercent": 100,
    "pendingPercent": 0,
    "other": 0,
    "hasOther": false,
    "skipped": 0,
    "hasSkipped": false,
    "start": "2023-04-17T04:02:45.722Z",
    "end": "2023-04-17T04:03:34.407Z",
    "duration": 48685
  },
  "results": [
    {
      "uuid": "c4c53a7e-f3ef-4e85-ac8b-6ca924461f0b",
      "title": "",
      "fullFile": "cypress\\e2e\\Frontend\\02_login.spec.js",
      "file": "cypress\\e2e\\Frontend\\02_login.spec.js",
      "beforeHooks": [],
      "afterHooks": [],
      "tests": [],
      "suites": [
        {
          "uuid": "26ceee42-6737-4b98-9289-6e165b191583",
          "title": "Login page test",
          "fullFile": "",
          "file": "",
          "beforeHooks": [],
          "afterHooks": [],
          "tests": [],
          "suites": [
            {
              "uuid": "5dd24cba-f831-43da-a817-adfae4c5bb87",
              "title": "Url Test",
              "fullFile": "",
              "file": "",
              "beforeHooks": [],
              "afterHooks": [],
              "tests": [
                {
                  "title": "Verify URL of the login page",
                  "fullTitle": "Login page test Url Test Verify URL of the login page",
                  "timedOut": null,
                  "duration": 2154,
                  "state": "passed",
                  "speed": "fast",
                  "pass": true,
                  "fail": false,
                  "pending": false,
                  "context": null,
                  "code": "cy.url().should('include', 'login');",
                  "err": {},
                  "uuid": "552c1902-617a-45e3-9ecc-e5379631d5dc",
                  "parentUUID": "5dd24cba-f831-43da-a817-adfae4c5bb87",
                  "isHook": false,
                  "skipped": false
                }
              ],
              "suites": [],
              "passes": [
                "552c1902-617a-45e3-9ecc-e5379631d5dc"
              ],
              "failures": [],
              "pending": [],
              "skipped": [],
              "duration": 2154,
              "root": false,
              "rootEmpty": false,
              "_timeout": 2000
            },
            {
              "uuid": "d947b5ce-c346-4f2f-8595-8db43ed87581",
              "title": "Login Functionality Test",
              "fullFile": "",
              "file": "",
              "beforeHooks": [],
              "afterHooks": [],
              "tests": [
                {
                  "title": "Logout function should be worked successfully",
                  "fullTitle": "Login page test Login Functionality Test Logout function should be worked successfully",
                  "timedOut": null,
                  "duration": 2832,
                  "state": "passed",
                  "speed": "fast",
                  "pass": true,
                  "fail": false,
                  "pending": false,
                  "context": null,
                  "code": "login.email().should('be.visible');\nlogin.email().clear();\nlogin.email().type('admin@gmail.com');\nlogin.password().should('be.visible');\nlogin.password().clear();\nlogin.password().type('admin123');\nlogin.loginButton().should('be.visible');\nlogin.loginButton().click();\nlogin.clickOnLogout();",
                  "err": {},
                  "uuid": "3d17334c-69e3-4132-9560-f82c12474cf6",
                  "parentUUID": "d947b5ce-c346-4f2f-8595-8db43ed87581",
                  "isHook": false,
                  "skipped": false
                },
                {
                  "title": "Login function should not be worked successfully with incorrect inputs",
                  "fullTitle": "Login page test Login Functionality Test Login function should not be worked successfully with incorrect inputs",
                  "timedOut": null,
                  "duration": 2779,
                  "state": "passed",
                  "speed": "fast",
                  "pass": true,
                  "fail": false,
                  "pending": false,
                  "context": null,
                  "code": "login.email().should('be.visible');\nlogin.email().clear();\nlogin.email().type('incorrect@gmail.com');\nlogin.password().should('be.visible');\nlogin.password().clear();\nlogin.password().type('incorrectpassword');\nlogin.loginButton().should('be.visible');\nlogin.loginButton().click();\nlogin.incorrectPasswordMessage().should('be.visible');\nlogin.incorrectPasswordMessage().should('contain', 'Firebase');",
                  "err": {},
                  "uuid": "b704a75b-2113-4005-9237-693b69078bd1",
                  "parentUUID": "d947b5ce-c346-4f2f-8595-8db43ed87581",
                  "isHook": false,
                  "skipped": false
                },
                {
                  "title": "Login function should not be worked successfully with empty input fields",
                  "fullTitle": "Login page test Login Functionality Test Login function should not be worked successfully with empty input fields",
                  "timedOut": null,
                  "duration": 1258,
                  "state": "passed",
                  "speed": "fast",
                  "pass": true,
                  "fail": false,
                  "pending": false,
                  "context": null,
                  "code": "login.loginButton().click();\nlogin.emptyFieldMessage().should('contain', 'Firebase');",
                  "err": {},
                  "uuid": "83aeab7c-032c-41ac-b09a-9c29826cb8a2",
                  "parentUUID": "d947b5ce-c346-4f2f-8595-8db43ed87581",
                  "isHook": false,
                  "skipped": false
                }
              ],
              "suites": [],
              "passes": [
                "3d17334c-69e3-4132-9560-f82c12474cf6",
                "b704a75b-2113-4005-9237-693b69078bd1",
                "83aeab7c-032c-41ac-b09a-9c29826cb8a2"
              ],
              "failures": [],
              "pending": [],
              "skipped": [],
              "duration": 6869,
              "root": false,
              "rootEmpty": false,
              "_timeout": 2000
            }
          ],
          "passes": [],
          "failures": [],
          "pending": [],
          "skipped": [],
          "duration": 0,
          "root": false,
          "rootEmpty": false,
          "_timeout": 2000
        }
      ],
      "passes": [],
      "failures": [],
      "pending": [],
      "skipped": [],
      "duration": 0,
      "root": true,
      "rootEmpty": true,
      "_timeout": 2000
    },
    {
      "uuid": "3cc7a6f1-2e87-4eb4-a7e1-4d7409ac3302",
      "title": "",
      "fullFile": "cypress\\e2e\\Frontend\\03_appointment.spec.js",
      "file": "cypress\\e2e\\Frontend\\03_appointment.spec.js",
      "beforeHooks": [],
      "afterHooks": [],
      "tests": [],
      "suites": [
        {
          "uuid": "b9b0cac5-77de-4305-9576-8be8f2237643",
          "title": "Login page test",
          "fullFile": "",
          "file": "",
          "beforeHooks": [],
          "afterHooks": [],
          "tests": [],
          "suites": [
            {
              "uuid": "40f7aa45-5d0f-4d93-aa6a-e44ee988fc5b",
              "title": "Url Test",
              "fullFile": "",
              "file": "",
              "beforeHooks": [],
              "afterHooks": [],
              "tests": [
                {
                  "title": "Verify URL of the appointment page",
                  "fullTitle": "Login page test Url Test Verify URL of the appointment page",
                  "timedOut": null,
                  "duration": 1343,
                  "state": "passed",
                  "speed": "fast",
                  "pass": true,
                  "fail": false,
                  "pending": false,
                  "context": null,
                  "code": "cy.url().should('include', 'appointment');",
                  "err": {},
                  "uuid": "1793d5fb-176f-4fa1-9c01-911d70c698e0",
                  "parentUUID": "40f7aa45-5d0f-4d93-aa6a-e44ee988fc5b",
                  "isHook": false,
                  "skipped": false
                }
              ],
              "suites": [],
              "passes": [
                "1793d5fb-176f-4fa1-9c01-911d70c698e0"
              ],
              "failures": [],
              "pending": [],
              "skipped": [],
              "duration": 1343,
              "root": false,
              "rootEmpty": false,
              "_timeout": 2000
            },
            {
              "uuid": "fb3bd31d-8417-4d9f-aa63-14595f6ad56a",
              "title": "Appointment Functionality Test",
              "fullFile": "",
              "file": "",
              "beforeHooks": [],
              "afterHooks": [],
              "tests": [
                {
                  "title": "Appointment function should be worked successfully",
                  "fullTitle": "Login page test Appointment Functionality Test Appointment function should be worked successfully",
                  "timedOut": null,
                  "duration": 3077,
                  "state": "passed",
                  "speed": "fast",
                  "pass": true,
                  "fail": false,
                  "pending": false,
                  "context": null,
                  "code": "appointment.bookAppointment().click();\nappointment.phone().clear();\nappointment.phone().type('12345678');\nappointment.date().type('2023-05-12').trigger('keydown', {\n  key: 'Enter'\n});\nappointment.submit().click();\nappointment.successMessage().should('contain', 'Appointment Booked successfully!');",
                  "err": {},
                  "uuid": "5e639b22-c30d-4bbf-880c-4444609b8104",
                  "parentUUID": "fb3bd31d-8417-4d9f-aa63-14595f6ad56a",
                  "isHook": false,
                  "skipped": false
                }
              ],
              "suites": [],
              "passes": [
                "5e639b22-c30d-4bbf-880c-4444609b8104"
              ],
              "failures": [],
              "pending": [],
              "skipped": [],
              "duration": 3077,
              "root": false,
              "rootEmpty": false,
              "_timeout": 2000
            }
          ],
          "passes": [],
          "failures": [],
          "pending": [],
          "skipped": [],
          "duration": 0,
          "root": false,
          "rootEmpty": false,
          "_timeout": 2000
        }
      ],
      "passes": [],
      "failures": [],
      "pending": [],
      "skipped": [],
      "duration": 0,
      "root": true,
      "rootEmpty": true,
      "_timeout": 2000
    },
    {
      "uuid": "079fcdcd-d81f-445f-859e-7b5acde1c403",
      "title": "",
      "fullFile": "cypress\\e2e\\Frontend\\04_feedback.spec.js",
      "file": "cypress\\e2e\\Frontend\\04_feedback.spec.js",
      "beforeHooks": [],
      "afterHooks": [],
      "tests": [],
      "suites": [
        {
          "uuid": "be9b9ccf-828d-4cfa-9d33-7d0321cc974d",
          "title": "Login page test",
          "fullFile": "",
          "file": "",
          "beforeHooks": [],
          "afterHooks": [],
          "tests": [],
          "suites": [
            {
              "uuid": "9f576f45-ae65-4cc4-bb91-2aa18de5cb30",
              "title": "Feedback Functionality Test",
              "fullFile": "",
              "file": "",
              "beforeHooks": [],
              "afterHooks": [],
              "tests": [
                {
                  "title": "Feedback function should be worked successfully",
                  "fullTitle": "Login page test Feedback Functionality Test Feedback function should be worked successfully",
                  "timedOut": null,
                  "duration": 8101,
                  "state": "passed",
                  "speed": "medium",
                  "pass": true,
                  "fail": false,
                  "pending": false,
                  "context": null,
                  "code": "feedback.name().clear();\nfeedback.name().type('Tester');\nfeedback.phone().clear();\nfeedback.phone().type('12345678');\nfeedback.message().clear();\nfeedback.message().type('Hey there its a sample test feedback to check the functionality');\nfeedback.submit().click();\nfeedback.successMessage().should('contain', 'The form was submitted successfully.');",
                  "err": {},
                  "uuid": "d3cfaa79-77d9-4211-8b36-872a9c2515d0",
                  "parentUUID": "9f576f45-ae65-4cc4-bb91-2aa18de5cb30",
                  "isHook": false,
                  "skipped": false
                }
              ],
              "suites": [],
              "passes": [
                "d3cfaa79-77d9-4211-8b36-872a9c2515d0"
              ],
              "failures": [],
              "pending": [],
              "skipped": [],
              "duration": 8101,
              "root": false,
              "rootEmpty": false,
              "_timeout": 2000
            }
          ],
          "passes": [],
          "failures": [],
          "pending": [],
          "skipped": [],
          "duration": 0,
          "root": false,
          "rootEmpty": false,
          "_timeout": 2000
        }
      ],
      "passes": [],
      "failures": [],
      "pending": [],
      "skipped": [],
      "duration": 0,
      "root": true,
      "rootEmpty": true,
      "_timeout": 2000
    },
    {
      "uuid": "5d6dada2-bfe9-42e5-96bc-c08f6926a88a",
      "title": "",
      "fullFile": "cypress\\e2e\\Frontend\\01_register.spec.js",
      "file": "cypress\\e2e\\Frontend\\01_register.spec.js",
      "beforeHooks": [],
      "afterHooks": [],
      "tests": [],
      "suites": [
        {
          "uuid": "5d160e41-526f-4092-8f2a-8f9355e111d4",
          "title": "Sign Up page test",
          "fullFile": "",
          "file": "",
          "beforeHooks": [],
          "afterHooks": [],
          "tests": [],
          "suites": [
            {
              "uuid": "91aa97f8-6d41-4249-9ecd-392c0b18650d",
              "title": "Url Test",
              "fullFile": "",
              "file": "",
              "beforeHooks": [],
              "afterHooks": [],
              "tests": [
                {
                  "title": "Verify URL of the sign up page",
                  "fullTitle": "Sign Up page test Url Test Verify URL of the sign up page",
                  "timedOut": null,
                  "duration": 1957,
                  "state": "passed",
                  "speed": "fast",
                  "pass": true,
                  "fail": false,
                  "pending": false,
                  "context": null,
                  "code": "cy.url().should('include', 'register');",
                  "err": {},
                  "uuid": "344a8dad-1a58-4a47-9cd5-f5b062410654",
                  "parentUUID": "91aa97f8-6d41-4249-9ecd-392c0b18650d",
                  "isHook": false,
                  "skipped": false
                }
              ],
              "suites": [],
              "passes": [
                "344a8dad-1a58-4a47-9cd5-f5b062410654"
              ],
              "failures": [],
              "pending": [],
              "skipped": [],
              "duration": 1957,
              "root": false,
              "rootEmpty": false,
              "_timeout": 2000
            },
            {
              "uuid": "5d1b421f-a540-4a03-ab6d-6a2a254d5b7b",
              "title": "Sign up form Test",
              "fullFile": "",
              "file": "",
              "beforeHooks": [],
              "afterHooks": [],
              "tests": [
                {
                  "title": "Sign up function should be worked successfully with valid inputs",
                  "fullTitle": "Sign Up page test Sign up form Test Sign up function should be worked successfully with valid inputs",
                  "timedOut": null,
                  "duration": 3216,
                  "state": "passed",
                  "speed": "fast",
                  "pass": true,
                  "fail": false,
                  "pending": false,
                  "context": null,
                  "code": "register.name().should('be.visible');\nregister.name().clear();\nregister.name().type('Tester Name');\nregister.email().should('be.visible');\nregister.email().clear();\nregister.email().type('tester1@mailinator.com');\nregister.password().should('be.visible');\nregister.password().clear();\nregister.password().type('Tester1Password');\nregister.retypePassword().should('be.visible');\nregister.retypePassword().clear();\nregister.retypePassword().type('Tester1Password');\nregister.registerButton().click();",
                  "err": {},
                  "uuid": "d906d330-949a-4923-bd41-1afa095bd1ca",
                  "parentUUID": "5d1b421f-a540-4a03-ab6d-6a2a254d5b7b",
                  "isHook": false,
                  "skipped": false
                },
                {
                  "title": "Sign up function should not be worked successfully with existing email address",
                  "fullTitle": "Sign Up page test Sign up form Test Sign up function should not be worked successfully with existing email address",
                  "timedOut": null,
                  "duration": 3974,
                  "state": "passed",
                  "speed": "fast",
                  "pass": true,
                  "fail": false,
                  "pending": false,
                  "context": null,
                  "code": "register.name().should('be.visible');\nregister.name().clear();\nregister.name().type('Tester Name');\nregister.email().should('be.visible');\nregister.email().clear();\nregister.email().type('tester1@mailinator.com');\nregister.password().should('be.visible');\nregister.password().clear();\nregister.password().type('Tester1Password');\nregister.retypePassword().should('be.visible');\nregister.retypePassword().clear();\nregister.retypePassword().type('Tester1Password');\nregister.registerButton().click();",
                  "err": {},
                  "uuid": "d2cc1528-4cd7-4c62-b99f-a1eba46ac74e",
                  "parentUUID": "5d1b421f-a540-4a03-ab6d-6a2a254d5b7b",
                  "isHook": false,
                  "skipped": false
                },
                {
                  "title": "Sign up function should not be worked successfully with invalid email",
                  "fullTitle": "Sign Up page test Sign up form Test Sign up function should not be worked successfully with invalid email",
                  "timedOut": null,
                  "duration": 2708,
                  "state": "passed",
                  "speed": "fast",
                  "pass": true,
                  "fail": false,
                  "pending": false,
                  "context": null,
                  "code": "register.name().should('be.visible');\nregister.name().clear();\nregister.name().type('Tester Name');\nregister.email().should('be.visible');\nregister.email().clear();\nregister.email().type('invalid.com');\nregister.password().should('be.visible');\nregister.password().clear();\nregister.password().type('Tester1Password');\nregister.retypePassword().should('be.visible');\nregister.retypePassword().clear();\nregister.retypePassword().type('Tester1Password');\nregister.registerButton().click();",
                  "err": {},
                  "uuid": "e443e055-238e-434f-ac2b-13e673607ebd",
                  "parentUUID": "5d1b421f-a540-4a03-ab6d-6a2a254d5b7b",
                  "isHook": false,
                  "skipped": false
                },
                {
                  "title": "Sign up function should not be worked successfully with empty input fields",
                  "fullTitle": "Sign Up page test Sign up form Test Sign up function should not be worked successfully with empty input fields",
                  "timedOut": null,
                  "duration": 577,
                  "state": "passed",
                  "speed": "fast",
                  "pass": true,
                  "fail": false,
                  "pending": false,
                  "context": null,
                  "code": "register.registerButton().click();",
                  "err": {},
                  "uuid": "17aef941-6b87-48e5-b233-017d8b9f73ac",
                  "parentUUID": "5d1b421f-a540-4a03-ab6d-6a2a254d5b7b",
                  "isHook": false,
                  "skipped": false
                }
              ],
              "suites": [],
              "passes": [
                "d906d330-949a-4923-bd41-1afa095bd1ca",
                "d2cc1528-4cd7-4c62-b99f-a1eba46ac74e",
                "e443e055-238e-434f-ac2b-13e673607ebd",
                "17aef941-6b87-48e5-b233-017d8b9f73ac"
              ],
              "failures": [],
              "pending": [],
              "skipped": [],
              "duration": 10475,
              "root": false,
              "rootEmpty": false,
              "_timeout": 2000
            }
          ],
          "passes": [],
          "failures": [],
          "pending": [],
          "skipped": [],
          "duration": 0,
          "root": false,
          "rootEmpty": false,
          "_timeout": 2000
        }
      ],
      "passes": [],
      "failures": [],
      "pending": [],
      "skipped": [],
      "duration": 0,
      "root": true,
      "rootEmpty": true,
      "_timeout": 2000
    }
  ],
  "meta": {
    "mocha": {
      "version": "7.0.1"
    },
    "mochawesome": {
      "options": {
        "quiet": false,
        "reportFilename": "mochawesome",
        "saveHtml": false,
        "saveJson": true,
        "consoleReporter": "spec",
        "useInlineDiffs": false,
        "code": true
      },
      "version": "7.1.3"
    },
    "marge": {
      "options": {
        "id": "default",
        "reportDir": "cypress/results/mochawesome",
        "quite": true,
        "overwrite": false,
        "html": false,
        "json": true
      },
      "version": "6.2.0"
    }
  }
}