{
  "stats": {
    "suites": 4,
    "tests": 11,
    "passes": 10,
    "pending": 0,
    "failures": 1,
    "testsRegistered": 11,
    "passPercent": 90.9090909090909,
    "pendingPercent": 0,
    "other": 0,
    "hasOther": false,
    "skipped": 0,
    "hasSkipped": false,
    "start": "2023-04-17T03:52:01.764Z",
    "end": "2023-04-17T03:53:03.938Z",
    "duration": 62174
  },
  "results": [
    {
      "uuid": "911d42ec-251c-4f58-bb01-2b40c0c817cf",
      "title": "",
      "fullFile": "cypress\\e2e\\Frontend\\feedback.spec.js",
      "file": "cypress\\e2e\\Frontend\\feedback.spec.js",
      "beforeHooks": [],
      "afterHooks": [],
      "tests": [],
      "suites": [
        {
          "uuid": "a603120e-2ade-4952-9219-4b9576b26009",
          "title": "Login page test",
          "fullFile": "",
          "file": "",
          "beforeHooks": [],
          "afterHooks": [],
          "tests": [],
          "suites": [
            {
              "uuid": "9995dba9-c9e7-41b9-b7ed-1fa3d9af230f",
              "title": "Feedback Functionality Test",
              "fullFile": "",
              "file": "",
              "beforeHooks": [],
              "afterHooks": [],
              "tests": [
                {
                  "title": "Feedback function should be worked successfully",
                  "fullTitle": "Login page test Feedback Functionality Test Feedback function should be worked successfully",
                  "timedOut": null,
                  "duration": 8254,
                  "state": "passed",
                  "speed": "medium",
                  "pass": true,
                  "fail": false,
                  "pending": false,
                  "context": null,
                  "code": "feedback.name().clear();\nfeedback.name().type('Tester');\nfeedback.phone().clear();\nfeedback.phone().type('12345678');\nfeedback.message().clear();\nfeedback.message().type('Hey there its a sample test feedback to check the functionality');\nfeedback.submit().click();\nfeedback.successMessage().should('contain', 'The form was submitted successfully.');",
                  "err": {},
                  "uuid": "2af5e688-3471-4a2a-b9d4-e3169734ad46",
                  "parentUUID": "9995dba9-c9e7-41b9-b7ed-1fa3d9af230f",
                  "isHook": false,
                  "skipped": false
                }
              ],
              "suites": [],
              "passes": [
                "2af5e688-3471-4a2a-b9d4-e3169734ad46"
              ],
              "failures": [],
              "pending": [],
              "skipped": [],
              "duration": 8254,
              "root": false,
              "rootEmpty": false,
              "_timeout": 2000
            }
          ],
          "passes": [],
          "failures": [],
          "pending": [],
          "skipped": [],
          "duration": 0,
          "root": false,
          "rootEmpty": false,
          "_timeout": 2000
        }
      ],
      "passes": [],
      "failures": [],
      "pending": [],
      "skipped": [],
      "duration": 0,
      "root": true,
      "rootEmpty": true,
      "_timeout": 2000
    },
    {
      "uuid": "20ecd441-f5d3-4c90-ad09-bbd67ad53068",
      "title": "",
      "fullFile": "cypress\\e2e\\Frontend\\login.spec.js",
      "file": "cypress\\e2e\\Frontend\\login.spec.js",
      "beforeHooks": [],
      "afterHooks": [],
      "tests": [],
      "suites": [
        {
          "uuid": "053c27cc-653e-4a07-8558-d1cb4d3933ea",
          "title": "Login page test",
          "fullFile": "",
          "file": "",
          "beforeHooks": [],
          "afterHooks": [],
          "tests": [],
          "suites": [
            {
              "uuid": "607ee71e-30cb-4ba9-be47-cdbaa3568000",
              "title": "Url Test",
              "fullFile": "",
              "file": "",
              "beforeHooks": [],
              "afterHooks": [],
              "tests": [
                {
                  "title": "Verify URL of the login page",
                  "fullTitle": "Login page test Url Test Verify URL of the login page",
                  "timedOut": null,
                  "duration": 2073,
                  "state": "passed",
                  "speed": "fast",
                  "pass": true,
                  "fail": false,
                  "pending": false,
                  "context": null,
                  "code": "cy.url().should('include', 'login');",
                  "err": {},
                  "uuid": "a197c33c-468b-479c-b434-d79bb44c58bc",
                  "parentUUID": "607ee71e-30cb-4ba9-be47-cdbaa3568000",
                  "isHook": false,
                  "skipped": false
                }
              ],
              "suites": [],
              "passes": [
                "a197c33c-468b-479c-b434-d79bb44c58bc"
              ],
              "failures": [],
              "pending": [],
              "skipped": [],
              "duration": 2073,
              "root": false,
              "rootEmpty": false,
              "_timeout": 2000
            },
            {
              "uuid": "5ada2e50-2da0-4198-8e2e-6b9c400076ce",
              "title": "Login Functionality Test",
              "fullFile": "",
              "file": "",
              "beforeHooks": [],
              "afterHooks": [],
              "tests": [
                {
                  "title": "Logout function should be worked successfully",
                  "fullTitle": "Login page test Login Functionality Test Logout function should be worked successfully",
                  "timedOut": null,
                  "duration": 3252,
                  "state": "passed",
                  "speed": "fast",
                  "pass": true,
                  "fail": false,
                  "pending": false,
                  "context": null,
                  "code": "login.email().should('be.visible');\nlogin.email().clear();\nlogin.email().type('admin@gmail.com');\nlogin.password().should('be.visible');\nlogin.password().clear();\nlogin.password().type('admin123');\nlogin.loginButton().should('be.visible');\nlogin.loginButton().click();\nlogin.clickOnLogout();",
                  "err": {},
                  "uuid": "ebf67a52-629d-4ef5-9adf-c19c2b72e74a",
                  "parentUUID": "5ada2e50-2da0-4198-8e2e-6b9c400076ce",
                  "isHook": false,
                  "skipped": false
                },
                {
                  "title": "Login function should not be worked successfully with incorrect inputs",
                  "fullTitle": "Login page test Login Functionality Test Login function should not be worked successfully with incorrect inputs",
                  "timedOut": null,
                  "duration": 2943,
                  "state": "passed",
                  "speed": "fast",
                  "pass": true,
                  "fail": false,
                  "pending": false,
                  "context": null,
                  "code": "login.email().should('be.visible');\nlogin.email().clear();\nlogin.email().type('incorrect@gmail.com');\nlogin.password().should('be.visible');\nlogin.password().clear();\nlogin.password().type('incorrectpassword');\nlogin.loginButton().should('be.visible');\nlogin.loginButton().click();\nlogin.incorrectPasswordMessage().should('be.visible');\nlogin.incorrectPasswordMessage().should('contain', 'Firebase');",
                  "err": {},
                  "uuid": "a8f5efba-c02d-46f2-b755-1a70482a149c",
                  "parentUUID": "5ada2e50-2da0-4198-8e2e-6b9c400076ce",
                  "isHook": false,
                  "skipped": false
                },
                {
                  "title": "Login function should not be worked successfully with empty input fields",
                  "fullTitle": "Login page test Login Functionality Test Login function should not be worked successfully with empty input fields",
                  "timedOut": null,
                  "duration": 999,
                  "state": "passed",
                  "speed": "fast",
                  "pass": true,
                  "fail": false,
                  "pending": false,
                  "context": null,
                  "code": "login.loginButton().click();\nlogin.emptyFieldMessage().should('contain', 'Firebase');",
                  "err": {},
                  "uuid": "9db2fd34-171a-4fa4-9ba5-ec17a3cdd8a3",
                  "parentUUID": "5ada2e50-2da0-4198-8e2e-6b9c400076ce",
                  "isHook": false,
                  "skipped": false
                }
              ],
              "suites": [],
              "passes": [
                "ebf67a52-629d-4ef5-9adf-c19c2b72e74a",
                "a8f5efba-c02d-46f2-b755-1a70482a149c",
                "9db2fd34-171a-4fa4-9ba5-ec17a3cdd8a3"
              ],
              "failures": [],
              "pending": [],
              "skipped": [],
              "duration": 7194,
              "root": false,
              "rootEmpty": false,
              "_timeout": 2000
            }
          ],
          "passes": [],
          "failures": [],
          "pending": [],
          "skipped": [],
          "duration": 0,
          "root": false,
          "rootEmpty": false,
          "_timeout": 2000
        }
      ],
      "passes": [],
      "failures": [],
      "pending": [],
      "skipped": [],
      "duration": 0,
      "root": true,
      "rootEmpty": true,
      "_timeout": 2000
    },
    {
      "uuid": "67d15831-d2de-40bd-a55b-f347d53ea076",
      "title": "",
      "fullFile": "cypress\\e2e\\Frontend\\register.spec.js",
      "file": "cypress\\e2e\\Frontend\\register.spec.js",
      "beforeHooks": [],
      "afterHooks": [],
      "tests": [],
      "suites": [
        {
          "uuid": "6a02b5ab-24e2-4941-896c-59dd42654f40",
          "title": "Sign Up page test",
          "fullFile": "",
          "file": "",
          "beforeHooks": [],
          "afterHooks": [],
          "tests": [],
          "suites": [
            {
              "uuid": "12d8e141-2e98-4d7b-bcd6-8c841a439780",
              "title": "Url Test",
              "fullFile": "",
              "file": "",
              "beforeHooks": [],
              "afterHooks": [],
              "tests": [
                {
                  "title": "Verify URL of the sign up page",
                  "fullTitle": "Sign Up page test Url Test Verify URL of the sign up page",
                  "timedOut": null,
                  "duration": 2126,
                  "state": "passed",
                  "speed": "fast",
                  "pass": true,
                  "fail": false,
                  "pending": false,
                  "context": null,
                  "code": "cy.url().should('include', 'register');",
                  "err": {},
                  "uuid": "5924db2e-d8ef-43e7-9482-ad4fd660fc5a",
                  "parentUUID": "12d8e141-2e98-4d7b-bcd6-8c841a439780",
                  "isHook": false,
                  "skipped": false
                }
              ],
              "suites": [],
              "passes": [
                "5924db2e-d8ef-43e7-9482-ad4fd660fc5a"
              ],
              "failures": [],
              "pending": [],
              "skipped": [],
              "duration": 2126,
              "root": false,
              "rootEmpty": false,
              "_timeout": 2000
            },
            {
              "uuid": "5b7fbc5d-4cb1-4ad8-9adf-4c473d348af8",
              "title": "Sign up form Test",
              "fullFile": "",
              "file": "",
              "beforeHooks": [],
              "afterHooks": [],
              "tests": [
                {
                  "title": "Sign up function should be worked successfully with valid inputs",
                  "fullTitle": "Sign Up page test Sign up form Test Sign up function should be worked successfully with valid inputs",
                  "timedOut": null,
                  "duration": 3606,
                  "state": "passed",
                  "speed": "fast",
                  "pass": true,
                  "fail": false,
                  "pending": false,
                  "context": null,
                  "code": "register.name().should('be.visible');\nregister.name().clear();\nregister.name().type('Tester Name');\nregister.email().should('be.visible');\nregister.email().clear();\nregister.email().type('tester1@mailinator.com');\nregister.password().should('be.visible');\nregister.password().clear();\nregister.password().type('Tester1Password');\nregister.retypePassword().should('be.visible');\nregister.retypePassword().clear();\nregister.retypePassword().type('Tester1Password');\nregister.registerButton().click();",
                  "err": {},
                  "uuid": "2405d29b-57e3-4ed5-b590-72265ff5f7de",
                  "parentUUID": "5b7fbc5d-4cb1-4ad8-9adf-4c473d348af8",
                  "isHook": false,
                  "skipped": false
                },
                {
                  "title": "Sign up function should not be worked successfully with existing email address",
                  "fullTitle": "Sign Up page test Sign up form Test Sign up function should not be worked successfully with existing email address",
                  "timedOut": null,
                  "duration": 4382,
                  "state": "passed",
                  "speed": "fast",
                  "pass": true,
                  "fail": false,
                  "pending": false,
                  "context": null,
                  "code": "register.name().should('be.visible');\nregister.name().clear();\nregister.name().type('Tester Name');\nregister.email().should('be.visible');\nregister.email().clear();\nregister.email().type('tester1@mailinator.com');\nregister.password().should('be.visible');\nregister.password().clear();\nregister.password().type('Tester1Password');\nregister.retypePassword().should('be.visible');\nregister.retypePassword().clear();\nregister.retypePassword().type('Tester1Password');\nregister.registerButton().click();",
                  "err": {},
                  "uuid": "0f243411-341c-4407-aeb1-a6b10e4c2bab",
                  "parentUUID": "5b7fbc5d-4cb1-4ad8-9adf-4c473d348af8",
                  "isHook": false,
                  "skipped": false
                },
                {
                  "title": "Sign up function should not be worked successfully with invalid email",
                  "fullTitle": "Sign Up page test Sign up form Test Sign up function should not be worked successfully with invalid email",
                  "timedOut": null,
                  "duration": 3562,
                  "state": "passed",
                  "speed": "fast",
                  "pass": true,
                  "fail": false,
                  "pending": false,
                  "context": null,
                  "code": "register.name().should('be.visible');\nregister.name().clear();\nregister.name().type('Tester Name');\nregister.email().should('be.visible');\nregister.email().clear();\nregister.email().type('invalid.com');\nregister.password().should('be.visible');\nregister.password().clear();\nregister.password().type('Tester1Password');\nregister.retypePassword().should('be.visible');\nregister.retypePassword().clear();\nregister.retypePassword().type('Tester1Password');\nregister.registerButton().click();",
                  "err": {},
                  "uuid": "eda76501-840d-49e2-8416-725818a9abc6",
                  "parentUUID": "5b7fbc5d-4cb1-4ad8-9adf-4c473d348af8",
                  "isHook": false,
                  "skipped": false
                },
                {
                  "title": "Sign up function should not be worked successfully with empty input fields",
                  "fullTitle": "Sign Up page test Sign up form Test Sign up function should not be worked successfully with empty input fields",
                  "timedOut": null,
                  "duration": 738,
                  "state": "passed",
                  "speed": "fast",
                  "pass": true,
                  "fail": false,
                  "pending": false,
                  "context": null,
                  "code": "register.registerButton().click();",
                  "err": {},
                  "uuid": "00234a8c-0c02-4ac6-8f68-a32fe5cdb24b",
                  "parentUUID": "5b7fbc5d-4cb1-4ad8-9adf-4c473d348af8",
                  "isHook": false,
                  "skipped": false
                }
              ],
              "suites": [],
              "passes": [
                "2405d29b-57e3-4ed5-b590-72265ff5f7de",
                "0f243411-341c-4407-aeb1-a6b10e4c2bab",
                "eda76501-840d-49e2-8416-725818a9abc6",
                "00234a8c-0c02-4ac6-8f68-a32fe5cdb24b"
              ],
              "failures": [],
              "pending": [],
              "skipped": [],
              "duration": 12288,
              "root": false,
              "rootEmpty": false,
              "_timeout": 2000
            }
          ],
          "passes": [],
          "failures": [],
          "pending": [],
          "skipped": [],
          "duration": 0,
          "root": false,
          "rootEmpty": false,
          "_timeout": 2000
        }
      ],
      "passes": [],
      "failures": [],
      "pending": [],
      "skipped": [],
      "duration": 0,
      "root": true,
      "rootEmpty": true,
      "_timeout": 2000
    },
    {
      "uuid": "71c31389-069f-4006-a225-4387b91fcff8",
      "title": "",
      "fullFile": "cypress\\e2e\\Frontend\\appointment.spec.js",
      "file": "cypress\\e2e\\Frontend\\appointment.spec.js",
      "beforeHooks": [],
      "afterHooks": [],
      "tests": [],
      "suites": [
        {
          "uuid": "8f3a966b-c077-4725-93c0-3d1fd56da076",
          "title": "Login page test",
          "fullFile": "",
          "file": "",
          "beforeHooks": [],
          "afterHooks": [],
          "tests": [],
          "suites": [
            {
              "uuid": "d3b45d0d-ae22-4248-bcfc-d839d3e35c4d",
              "title": "Appointment Functionality Test",
              "fullFile": "",
              "file": "",
              "beforeHooks": [],
              "afterHooks": [],
              "tests": [
                {
                  "title": "Appointment function should be worked successfully",
                  "fullTitle": "Login page test Appointment Functionality Test Appointment function should be worked successfully",
                  "timedOut": null,
                  "duration": 12946,
                  "state": "failed",
                  "speed": null,
                  "pass": false,
                  "fail": true,
                  "pending": false,
                  "context": null,
                  "code": "appointment.bookAppointment().click();\nappointment.phone().clear();\nappointment.phone().type('12345678');\nappointment.date().type('2023-05-12').trigger('keydown', {\n  key: 'Enter'\n});\nappointment.submit().click();\nappointment.successMessage().should('contain', 'Appointment Booked successfully!');",
                  "err": {
                    "message": "AssertionError: Timed out retrying after 10000ms: Expected to find element: `:nth-child(2) > .MuiPaper-root > .MuiButton-root`, but never found it.",
                    "estack": "AssertionError: Timed out retrying after 10000ms: Expected to find element: `:nth-child(2) > .MuiPaper-root > .MuiButton-root`, but never found it.\n    at AppointmentPage.bookAppointment (webpack:///./cypress/support/pageobjects/AppointmentPage.js:11:22)\n    at Context.eval (webpack:///./cypress/e2e/Frontend/appointment.spec.js:20:20)",
                    "diff": null
                  },
                  "uuid": "7970961d-9a92-4494-aa6a-d653c0434492",
                  "parentUUID": "d3b45d0d-ae22-4248-bcfc-d839d3e35c4d",
                  "isHook": false,
                  "skipped": false
                }
              ],
              "suites": [],
              "passes": [],
              "failures": [
                "7970961d-9a92-4494-aa6a-d653c0434492"
              ],
              "pending": [],
              "skipped": [],
              "duration": 12946,
              "root": false,
              "rootEmpty": false,
              "_timeout": 2000
            }
          ],
          "passes": [],
          "failures": [],
          "pending": [],
          "skipped": [],
          "duration": 0,
          "root": false,
          "rootEmpty": false,
          "_timeout": 2000
        }
      ],
      "passes": [],
      "failures": [],
      "pending": [],
      "skipped": [],
      "duration": 0,
      "root": true,
      "rootEmpty": true,
      "_timeout": 2000
    }
  ],
  "meta": {
    "mocha": {
      "version": "7.0.1"
    },
    "mochawesome": {
      "options": {
        "quiet": false,
        "reportFilename": "mochawesome",
        "saveHtml": false,
        "saveJson": true,
        "consoleReporter": "spec",
        "useInlineDiffs": false,
        "code": true
      },
      "version": "7.1.3"
    },
    "marge": {
      "options": {
        "id": "default",
        "reportDir": "cypress/results/mochawesome",
        "quite": true,
        "overwrite": false,
        "html": false,
        "json": true
      },
      "version": "6.2.0"
    }
  }
}