{
  "stats": {
    "suites": 3,
    "tests": 4,
    "passes": 4,
    "pending": 0,
    "failures": 0,
    "start": "2023-04-17T04:03:03.630Z",
    "end": "2023-04-17T04:03:12.827Z",
    "duration": 9197,
    "testsRegistered": 4,
    "passPercent": 100,
    "pendingPercent": 0,
    "other": 0,
    "hasOther": false,
    "skipped": 0,
    "hasSkipped": false
  },
  "results": [
    {
      "uuid": "c4c53a7e-f3ef-4e85-ac8b-6ca924461f0b",
      "title": "",
      "fullFile": "cypress\\e2e\\Frontend\\02_login.spec.js",
      "file": "cypress\\e2e\\Frontend\\02_login.spec.js",
      "beforeHooks": [],
      "afterHooks": [],
      "tests": [],
      "suites": [
        {
          "uuid": "26ceee42-6737-4b98-9289-6e165b191583",
          "title": "Login page test",
          "fullFile": "",
          "file": "",
          "beforeHooks": [],
          "afterHooks": [],
          "tests": [],
          "suites": [
            {
              "uuid": "5dd24cba-f831-43da-a817-adfae4c5bb87",
              "title": "Url Test",
              "fullFile": "",
              "file": "",
              "beforeHooks": [],
              "afterHooks": [],
              "tests": [
                {
                  "title": "Verify URL of the login page",
                  "fullTitle": "Login page test Url Test Verify URL of the login page",
                  "timedOut": null,
                  "duration": 2154,
                  "state": "passed",
                  "speed": "fast",
                  "pass": true,
                  "fail": false,
                  "pending": false,
                  "context": null,
                  "code": "cy.url().should('include', 'login');",
                  "err": {},
                  "uuid": "552c1902-617a-45e3-9ecc-e5379631d5dc",
                  "parentUUID": "5dd24cba-f831-43da-a817-adfae4c5bb87",
                  "isHook": false,
                  "skipped": false
                }
              ],
              "suites": [],
              "passes": [
                "552c1902-617a-45e3-9ecc-e5379631d5dc"
              ],
              "failures": [],
              "pending": [],
              "skipped": [],
              "duration": 2154,
              "root": false,
              "rootEmpty": false,
              "_timeout": 2000
            },
            {
              "uuid": "d947b5ce-c346-4f2f-8595-8db43ed87581",
              "title": "Login Functionality Test",
              "fullFile": "",
              "file": "",
              "beforeHooks": [],
              "afterHooks": [],
              "tests": [
                {
                  "title": "Logout function should be worked successfully",
                  "fullTitle": "Login page test Login Functionality Test Logout function should be worked successfully",
                  "timedOut": null,
                  "duration": 2832,
                  "state": "passed",
                  "speed": "fast",
                  "pass": true,
                  "fail": false,
                  "pending": false,
                  "context": null,
                  "code": "login.email().should('be.visible');\nlogin.email().clear();\nlogin.email().type('admin@gmail.com');\nlogin.password().should('be.visible');\nlogin.password().clear();\nlogin.password().type('admin123');\nlogin.loginButton().should('be.visible');\nlogin.loginButton().click();\nlogin.clickOnLogout();",
                  "err": {},
                  "uuid": "3d17334c-69e3-4132-9560-f82c12474cf6",
                  "parentUUID": "d947b5ce-c346-4f2f-8595-8db43ed87581",
                  "isHook": false,
                  "skipped": false
                },
                {
                  "title": "Login function should not be worked successfully with incorrect inputs",
                  "fullTitle": "Login page test Login Functionality Test Login function should not be worked successfully with incorrect inputs",
                  "timedOut": null,
                  "duration": 2779,
                  "state": "passed",
                  "speed": "fast",
                  "pass": true,
                  "fail": false,
                  "pending": false,
                  "context": null,
                  "code": "login.email().should('be.visible');\nlogin.email().clear();\nlogin.email().type('incorrect@gmail.com');\nlogin.password().should('be.visible');\nlogin.password().clear();\nlogin.password().type('incorrectpassword');\nlogin.loginButton().should('be.visible');\nlogin.loginButton().click();\nlogin.incorrectPasswordMessage().should('be.visible');\nlogin.incorrectPasswordMessage().should('contain', 'Firebase');",
                  "err": {},
                  "uuid": "b704a75b-2113-4005-9237-693b69078bd1",
                  "parentUUID": "d947b5ce-c346-4f2f-8595-8db43ed87581",
                  "isHook": false,
                  "skipped": false
                },
                {
                  "title": "Login function should not be worked successfully with empty input fields",
                  "fullTitle": "Login page test Login Functionality Test Login function should not be worked successfully with empty input fields",
                  "timedOut": null,
                  "duration": 1258,
                  "state": "passed",
                  "speed": "fast",
                  "pass": true,
                  "fail": false,
                  "pending": false,
                  "context": null,
                  "code": "login.loginButton().click();\nlogin.emptyFieldMessage().should('contain', 'Firebase');",
                  "err": {},
                  "uuid": "83aeab7c-032c-41ac-b09a-9c29826cb8a2",
                  "parentUUID": "d947b5ce-c346-4f2f-8595-8db43ed87581",
                  "isHook": false,
                  "skipped": false
                }
              ],
              "suites": [],
              "passes": [
                "3d17334c-69e3-4132-9560-f82c12474cf6",
                "b704a75b-2113-4005-9237-693b69078bd1",
                "83aeab7c-032c-41ac-b09a-9c29826cb8a2"
              ],
              "failures": [],
              "pending": [],
              "skipped": [],
              "duration": 6869,
              "root": false,
              "rootEmpty": false,
              "_timeout": 2000
            }
          ],
          "passes": [],
          "failures": [],
          "pending": [],
          "skipped": [],
          "duration": 0,
          "root": false,
          "rootEmpty": false,
          "_timeout": 2000
        }
      ],
      "passes": [],
      "failures": [],
      "pending": [],
      "skipped": [],
      "duration": 0,
      "root": true,
      "rootEmpty": true,
      "_timeout": 2000
    }
  ],
  "meta": {
    "mocha": {
      "version": "7.0.1"
    },
    "mochawesome": {
      "options": {
        "quiet": false,
        "reportFilename": "mochawesome",
        "saveHtml": false,
        "saveJson": true,
        "consoleReporter": "spec",
        "useInlineDiffs": false,
        "code": true
      },
      "version": "7.1.3"
    },
    "marge": {
      "options": {
        "id": "default",
        "reportDir": "cypress/results/mochawesome",
        "quite": true,
        "overwrite": false,
        "html": false,
        "json": true
      },
      "version": "6.2.0"
    }
  }
}