{
  "stats": {
    "suites": 3,
    "tests": 5,
    "passes": 5,
    "pending": 0,
    "failures": 0,
    "start": "2023-04-17T04:02:45.722Z",
    "end": "2023-04-17T04:02:58.251Z",
    "duration": 12529,
    "testsRegistered": 5,
    "passPercent": 100,
    "pendingPercent": 0,
    "other": 0,
    "hasOther": false,
    "skipped": 0,
    "hasSkipped": false
  },
  "results": [
    {
      "uuid": "5d6dada2-bfe9-42e5-96bc-c08f6926a88a",
      "title": "",
      "fullFile": "cypress\\e2e\\Frontend\\01_register.spec.js",
      "file": "cypress\\e2e\\Frontend\\01_register.spec.js",
      "beforeHooks": [],
      "afterHooks": [],
      "tests": [],
      "suites": [
        {
          "uuid": "5d160e41-526f-4092-8f2a-8f9355e111d4",
          "title": "Sign Up page test",
          "fullFile": "",
          "file": "",
          "beforeHooks": [],
          "afterHooks": [],
          "tests": [],
          "suites": [
            {
              "uuid": "91aa97f8-6d41-4249-9ecd-392c0b18650d",
              "title": "Url Test",
              "fullFile": "",
              "file": "",
              "beforeHooks": [],
              "afterHooks": [],
              "tests": [
                {
                  "title": "Verify URL of the sign up page",
                  "fullTitle": "Sign Up page test Url Test Verify URL of the sign up page",
                  "timedOut": null,
                  "duration": 1957,
                  "state": "passed",
                  "speed": "fast",
                  "pass": true,
                  "fail": false,
                  "pending": false,
                  "context": null,
                  "code": "cy.url().should('include', 'register');",
                  "err": {},
                  "uuid": "344a8dad-1a58-4a47-9cd5-f5b062410654",
                  "parentUUID": "91aa97f8-6d41-4249-9ecd-392c0b18650d",
                  "isHook": false,
                  "skipped": false
                }
              ],
              "suites": [],
              "passes": [
                "344a8dad-1a58-4a47-9cd5-f5b062410654"
              ],
              "failures": [],
              "pending": [],
              "skipped": [],
              "duration": 1957,
              "root": false,
              "rootEmpty": false,
              "_timeout": 2000
            },
            {
              "uuid": "5d1b421f-a540-4a03-ab6d-6a2a254d5b7b",
              "title": "Sign up form Test",
              "fullFile": "",
              "file": "",
              "beforeHooks": [],
              "afterHooks": [],
              "tests": [
                {
                  "title": "Sign up function should be worked successfully with valid inputs",
                  "fullTitle": "Sign Up page test Sign up form Test Sign up function should be worked successfully with valid inputs",
                  "timedOut": null,
                  "duration": 3216,
                  "state": "passed",
                  "speed": "fast",
                  "pass": true,
                  "fail": false,
                  "pending": false,
                  "context": null,
                  "code": "register.name().should('be.visible');\nregister.name().clear();\nregister.name().type('Tester Name');\nregister.email().should('be.visible');\nregister.email().clear();\nregister.email().type('tester1@mailinator.com');\nregister.password().should('be.visible');\nregister.password().clear();\nregister.password().type('Tester1Password');\nregister.retypePassword().should('be.visible');\nregister.retypePassword().clear();\nregister.retypePassword().type('Tester1Password');\nregister.registerButton().click();",
                  "err": {},
                  "uuid": "d906d330-949a-4923-bd41-1afa095bd1ca",
                  "parentUUID": "5d1b421f-a540-4a03-ab6d-6a2a254d5b7b",
                  "isHook": false,
                  "skipped": false
                },
                {
                  "title": "Sign up function should not be worked successfully with existing email address",
                  "fullTitle": "Sign Up page test Sign up form Test Sign up function should not be worked successfully with existing email address",
                  "timedOut": null,
                  "duration": 3974,
                  "state": "passed",
                  "speed": "fast",
                  "pass": true,
                  "fail": false,
                  "pending": false,
                  "context": null,
                  "code": "register.name().should('be.visible');\nregister.name().clear();\nregister.name().type('Tester Name');\nregister.email().should('be.visible');\nregister.email().clear();\nregister.email().type('tester1@mailinator.com');\nregister.password().should('be.visible');\nregister.password().clear();\nregister.password().type('Tester1Password');\nregister.retypePassword().should('be.visible');\nregister.retypePassword().clear();\nregister.retypePassword().type('Tester1Password');\nregister.registerButton().click();",
                  "err": {},
                  "uuid": "d2cc1528-4cd7-4c62-b99f-a1eba46ac74e",
                  "parentUUID": "5d1b421f-a540-4a03-ab6d-6a2a254d5b7b",
                  "isHook": false,
                  "skipped": false
                },
                {
                  "title": "Sign up function should not be worked successfully with invalid email",
                  "fullTitle": "Sign Up page test Sign up form Test Sign up function should not be worked successfully with invalid email",
                  "timedOut": null,
                  "duration": 2708,
                  "state": "passed",
                  "speed": "fast",
                  "pass": true,
                  "fail": false,
                  "pending": false,
                  "context": null,
                  "code": "register.name().should('be.visible');\nregister.name().clear();\nregister.name().type('Tester Name');\nregister.email().should('be.visible');\nregister.email().clear();\nregister.email().type('invalid.com');\nregister.password().should('be.visible');\nregister.password().clear();\nregister.password().type('Tester1Password');\nregister.retypePassword().should('be.visible');\nregister.retypePassword().clear();\nregister.retypePassword().type('Tester1Password');\nregister.registerButton().click();",
                  "err": {},
                  "uuid": "e443e055-238e-434f-ac2b-13e673607ebd",
                  "parentUUID": "5d1b421f-a540-4a03-ab6d-6a2a254d5b7b",
                  "isHook": false,
                  "skipped": false
                },
                {
                  "title": "Sign up function should not be worked successfully with empty input fields",
                  "fullTitle": "Sign Up page test Sign up form Test Sign up function should not be worked successfully with empty input fields",
                  "timedOut": null,
                  "duration": 577,
                  "state": "passed",
                  "speed": "fast",
                  "pass": true,
                  "fail": false,
                  "pending": false,
                  "context": null,
                  "code": "register.registerButton().click();",
                  "err": {},
                  "uuid": "17aef941-6b87-48e5-b233-017d8b9f73ac",
                  "parentUUID": "5d1b421f-a540-4a03-ab6d-6a2a254d5b7b",
                  "isHook": false,
                  "skipped": false
                }
              ],
              "suites": [],
              "passes": [
                "d906d330-949a-4923-bd41-1afa095bd1ca",
                "d2cc1528-4cd7-4c62-b99f-a1eba46ac74e",
                "e443e055-238e-434f-ac2b-13e673607ebd",
                "17aef941-6b87-48e5-b233-017d8b9f73ac"
              ],
              "failures": [],
              "pending": [],
              "skipped": [],
              "duration": 10475,
              "root": false,
              "rootEmpty": false,
              "_timeout": 2000
            }
          ],
          "passes": [],
          "failures": [],
          "pending": [],
          "skipped": [],
          "duration": 0,
          "root": false,
          "rootEmpty": false,
          "_timeout": 2000
        }
      ],
      "passes": [],
      "failures": [],
      "pending": [],
      "skipped": [],
      "duration": 0,
      "root": true,
      "rootEmpty": true,
      "_timeout": 2000
    }
  ],
  "meta": {
    "mocha": {
      "version": "7.0.1"
    },
    "mochawesome": {
      "options": {
        "quiet": false,
        "reportFilename": "mochawesome",
        "saveHtml": false,
        "saveJson": true,
        "consoleReporter": "spec",
        "useInlineDiffs": false,
        "code": true
      },
      "version": "7.1.3"
    },
    "marge": {
      "options": {
        "id": "default",
        "reportDir": "cypress/results/mochawesome",
        "quite": true,
        "overwrite": false,
        "html": false,
        "json": true
      },
      "version": "6.2.0"
    }
  }
}