{
  "stats": {
    "suites": 2,
    "tests": 1,
    "passes": 1,
    "pending": 0,
    "failures": 0,
    "start": "2023-04-17T04:03:26.189Z",
    "end": "2023-04-17T04:03:34.407Z",
    "duration": 8218,
    "testsRegistered": 1,
    "passPercent": 100,
    "pendingPercent": 0,
    "other": 0,
    "hasOther": false,
    "skipped": 0,
    "hasSkipped": false
  },
  "results": [
    {
      "uuid": "079fcdcd-d81f-445f-859e-7b5acde1c403",
      "title": "",
      "fullFile": "cypress\\e2e\\Frontend\\04_feedback.spec.js",
      "file": "cypress\\e2e\\Frontend\\04_feedback.spec.js",
      "beforeHooks": [],
      "afterHooks": [],
      "tests": [],
      "suites": [
        {
          "uuid": "be9b9ccf-828d-4cfa-9d33-7d0321cc974d",
          "title": "Login page test",
          "fullFile": "",
          "file": "",
          "beforeHooks": [],
          "afterHooks": [],
          "tests": [],
          "suites": [
            {
              "uuid": "9f576f45-ae65-4cc4-bb91-2aa18de5cb30",
              "title": "Feedback Functionality Test",
              "fullFile": "",
              "file": "",
              "beforeHooks": [],
              "afterHooks": [],
              "tests": [
                {
                  "title": "Feedback function should be worked successfully",
                  "fullTitle": "Login page test Feedback Functionality Test Feedback function should be worked successfully",
                  "timedOut": null,
                  "duration": 8101,
                  "state": "passed",
                  "speed": "medium",
                  "pass": true,
                  "fail": false,
                  "pending": false,
                  "context": null,
                  "code": "feedback.name().clear();\nfeedback.name().type('Tester');\nfeedback.phone().clear();\nfeedback.phone().type('12345678');\nfeedback.message().clear();\nfeedback.message().type('Hey there its a sample test feedback to check the functionality');\nfeedback.submit().click();\nfeedback.successMessage().should('contain', 'The form was submitted successfully.');",
                  "err": {},
                  "uuid": "d3cfaa79-77d9-4211-8b36-872a9c2515d0",
                  "parentUUID": "9f576f45-ae65-4cc4-bb91-2aa18de5cb30",
                  "isHook": false,
                  "skipped": false
                }
              ],
              "suites": [],
              "passes": [
                "d3cfaa79-77d9-4211-8b36-872a9c2515d0"
              ],
              "failures": [],
              "pending": [],
              "skipped": [],
              "duration": 8101,
              "root": false,
              "rootEmpty": false,
              "_timeout": 2000
            }
          ],
          "passes": [],
          "failures": [],
          "pending": [],
          "skipped": [],
          "duration": 0,
          "root": false,
          "rootEmpty": false,
          "_timeout": 2000
        }
      ],
      "passes": [],
      "failures": [],
      "pending": [],
      "skipped": [],
      "duration": 0,
      "root": true,
      "rootEmpty": true,
      "_timeout": 2000
    }
  ],
  "meta": {
    "mocha": {
      "version": "7.0.1"
    },
    "mochawesome": {
      "options": {
        "quiet": false,
        "reportFilename": "mochawesome",
        "saveHtml": false,
        "saveJson": true,
        "consoleReporter": "spec",
        "useInlineDiffs": false,
        "code": true
      },
      "version": "7.1.3"
    },
    "marge": {
      "options": {
        "id": "default",
        "reportDir": "cypress/results/mochawesome",
        "quite": true,
        "overwrite": false,
        "html": false,
        "json": true
      },
      "version": "6.2.0"
    }
  }
}