{
  "stats": {
    "suites": 3,
    "tests": 2,
    "passes": 2,
    "pending": 0,
    "failures": 0,
    "start": "2023-04-17T04:03:17.111Z",
    "end": "2023-04-17T04:03:21.621Z",
    "duration": 4510,
    "testsRegistered": 2,
    "passPercent": 100,
    "pendingPercent": 0,
    "other": 0,
    "hasOther": false,
    "skipped": 0,
    "hasSkipped": false
  },
  "results": [
    {
      "uuid": "3cc7a6f1-2e87-4eb4-a7e1-4d7409ac3302",
      "title": "",
      "fullFile": "cypress\\e2e\\Frontend\\03_appointment.spec.js",
      "file": "cypress\\e2e\\Frontend\\03_appointment.spec.js",
      "beforeHooks": [],
      "afterHooks": [],
      "tests": [],
      "suites": [
        {
          "uuid": "b9b0cac5-77de-4305-9576-8be8f2237643",
          "title": "Login page test",
          "fullFile": "",
          "file": "",
          "beforeHooks": [],
          "afterHooks": [],
          "tests": [],
          "suites": [
            {
              "uuid": "40f7aa45-5d0f-4d93-aa6a-e44ee988fc5b",
              "title": "Url Test",
              "fullFile": "",
              "file": "",
              "beforeHooks": [],
              "afterHooks": [],
              "tests": [
                {
                  "title": "Verify URL of the appointment page",
                  "fullTitle": "Login page test Url Test Verify URL of the appointment page",
                  "timedOut": null,
                  "duration": 1343,
                  "state": "passed",
                  "speed": "fast",
                  "pass": true,
                  "fail": false,
                  "pending": false,
                  "context": null,
                  "code": "cy.url().should('include', 'appointment');",
                  "err": {},
                  "uuid": "1793d5fb-176f-4fa1-9c01-911d70c698e0",
                  "parentUUID": "40f7aa45-5d0f-4d93-aa6a-e44ee988fc5b",
                  "isHook": false,
                  "skipped": false
                }
              ],
              "suites": [],
              "passes": [
                "1793d5fb-176f-4fa1-9c01-911d70c698e0"
              ],
              "failures": [],
              "pending": [],
              "skipped": [],
              "duration": 1343,
              "root": false,
              "rootEmpty": false,
              "_timeout": 2000
            },
            {
              "uuid": "fb3bd31d-8417-4d9f-aa63-14595f6ad56a",
              "title": "Appointment Functionality Test",
              "fullFile": "",
              "file": "",
              "beforeHooks": [],
              "afterHooks": [],
              "tests": [
                {
                  "title": "Appointment function should be worked successfully",
                  "fullTitle": "Login page test Appointment Functionality Test Appointment function should be worked successfully",
                  "timedOut": null,
                  "duration": 3077,
                  "state": "passed",
                  "speed": "fast",
                  "pass": true,
                  "fail": false,
                  "pending": false,
                  "context": null,
                  "code": "appointment.bookAppointment().click();\nappointment.phone().clear();\nappointment.phone().type('12345678');\nappointment.date().type('2023-05-12').trigger('keydown', {\n  key: 'Enter'\n});\nappointment.submit().click();\nappointment.successMessage().should('contain', 'Appointment Booked successfully!');",
                  "err": {},
                  "uuid": "5e639b22-c30d-4bbf-880c-4444609b8104",
                  "parentUUID": "fb3bd31d-8417-4d9f-aa63-14595f6ad56a",
                  "isHook": false,
                  "skipped": false
                }
              ],
              "suites": [],
              "passes": [
                "5e639b22-c30d-4bbf-880c-4444609b8104"
              ],
              "failures": [],
              "pending": [],
              "skipped": [],
              "duration": 3077,
              "root": false,
              "rootEmpty": false,
              "_timeout": 2000
            }
          ],
          "passes": [],
          "failures": [],
          "pending": [],
          "skipped": [],
          "duration": 0,
          "root": false,
          "rootEmpty": false,
          "_timeout": 2000
        }
      ],
      "passes": [],
      "failures": [],
      "pending": [],
      "skipped": [],
      "duration": 0,
      "root": true,
      "rootEmpty": true,
      "_timeout": 2000
    }
  ],
  "meta": {
    "mocha": {
      "version": "7.0.1"
    },
    "mochawesome": {
      "options": {
        "quiet": false,
        "reportFilename": "mochawesome",
        "saveHtml": false,
        "saveJson": true,
        "consoleReporter": "spec",
        "useInlineDiffs": false,
        "code": true
      },
      "version": "7.1.3"
    },
    "marge": {
      "options": {
        "id": "default",
        "reportDir": "cypress/results/mochawesome",
        "quite": true,
        "overwrite": false,
        "html": false,
        "json": true
      },
      "version": "6.2.0"
    }
  }
}